<?xml version="1.0" encoding="UTF-8"?>
<!-- Generated by org.testng.reporters.JUnitReportReporter -->
<testsuite skipped="0" hostname="DESKTOP-S3RV3MH" name="script.TestDemo" tests="1" failures="0" timestamp="26 Sep 2018 09:54:55 GMT" time="20.500" errors="0">
  <testcase name="testA" time="20.500" classname="script.TestDemo"/>
</testsuite> <!-- script.TestDemo -->
